"is_built_lib_js_of_ocaml_bootstrapper" "true"
"built_lib_js_of_ocaml_bootstrapper" "/home/nuki/Programmation/OCaml/js_of_ocaml_bootstrapper/_build/src/js_of_ocaml_bootstrapper.cma"
"built_lib_js_of_ocaml_bootstrapper" "/home/nuki/Programmation/OCaml/js_of_ocaml_bootstrapper/_build/src/js_of_ocaml_bootstrapper.cmxa"
"built_lib_js_of_ocaml_bootstrapper" "/home/nuki/Programmation/OCaml/js_of_ocaml_bootstrapper/_build/src/js_of_ocaml_bootstrapper.a"
"built_lib_js_of_ocaml_bootstrapper" "/home/nuki/Programmation/OCaml/js_of_ocaml_bootstrapper/_build/src/js_of_ocaml_bootstrapper.cmxs"
"built_lib_js_of_ocaml_bootstrapper" "/home/nuki/Programmation/OCaml/js_of_ocaml_bootstrapper/_build/src/bootFunctor.cmi"
"built_lib_js_of_ocaml_bootstrapper" "/home/nuki/Programmation/OCaml/js_of_ocaml_bootstrapper/_build/src/bootFunctor.cmti"
"built_lib_js_of_ocaml_bootstrapper" "/home/nuki/Programmation/OCaml/js_of_ocaml_bootstrapper/_build/src/bootFunctor.cmt"
"built_lib_js_of_ocaml_bootstrapper" "/home/nuki/Programmation/OCaml/js_of_ocaml_bootstrapper/_build/src/bootFunctor.annot"
"built_lib_js_of_ocaml_bootstrapper" "/home/nuki/Programmation/OCaml/js_of_ocaml_bootstrapper/_build/src/bootStorage.cmi"
"built_lib_js_of_ocaml_bootstrapper" "/home/nuki/Programmation/OCaml/js_of_ocaml_bootstrapper/_build/src/bootStorage.cmti"
"built_lib_js_of_ocaml_bootstrapper" "/home/nuki/Programmation/OCaml/js_of_ocaml_bootstrapper/_build/src/bootStorage.cmt"
"built_lib_js_of_ocaml_bootstrapper" "/home/nuki/Programmation/OCaml/js_of_ocaml_bootstrapper/_build/src/bootStorage.annot"
"built_lib_js_of_ocaml_bootstrapper" "/home/nuki/Programmation/OCaml/js_of_ocaml_bootstrapper/_build/src/bootCanvas.cmi"
"built_lib_js_of_ocaml_bootstrapper" "/home/nuki/Programmation/OCaml/js_of_ocaml_bootstrapper/_build/src/bootCanvas.cmti"
"built_lib_js_of_ocaml_bootstrapper" "/home/nuki/Programmation/OCaml/js_of_ocaml_bootstrapper/_build/src/bootCanvas.cmt"
"built_lib_js_of_ocaml_bootstrapper" "/home/nuki/Programmation/OCaml/js_of_ocaml_bootstrapper/_build/src/bootCanvas.annot"
"built_lib_js_of_ocaml_bootstrapper" "/home/nuki/Programmation/OCaml/js_of_ocaml_bootstrapper/_build/src/bootColor.cmi"
"built_lib_js_of_ocaml_bootstrapper" "/home/nuki/Programmation/OCaml/js_of_ocaml_bootstrapper/_build/src/bootColor.cmti"
"built_lib_js_of_ocaml_bootstrapper" "/home/nuki/Programmation/OCaml/js_of_ocaml_bootstrapper/_build/src/bootColor.cmt"
"built_lib_js_of_ocaml_bootstrapper" "/home/nuki/Programmation/OCaml/js_of_ocaml_bootstrapper/_build/src/bootColor.annot"
"built_lib_js_of_ocaml_bootstrapper" "/home/nuki/Programmation/OCaml/js_of_ocaml_bootstrapper/_build/src/bootAjax.cmi"
"built_lib_js_of_ocaml_bootstrapper" "/home/nuki/Programmation/OCaml/js_of_ocaml_bootstrapper/_build/src/bootAjax.cmti"
"built_lib_js_of_ocaml_bootstrapper" "/home/nuki/Programmation/OCaml/js_of_ocaml_bootstrapper/_build/src/bootAjax.cmt"
"built_lib_js_of_ocaml_bootstrapper" "/home/nuki/Programmation/OCaml/js_of_ocaml_bootstrapper/_build/src/bootAjax.annot"
"built_lib_js_of_ocaml_bootstrapper" "/home/nuki/Programmation/OCaml/js_of_ocaml_bootstrapper/_build/src/bootHtml.cmi"
"built_lib_js_of_ocaml_bootstrapper" "/home/nuki/Programmation/OCaml/js_of_ocaml_bootstrapper/_build/src/bootHtml.cmti"
"built_lib_js_of_ocaml_bootstrapper" "/home/nuki/Programmation/OCaml/js_of_ocaml_bootstrapper/_build/src/bootHtml.cmt"
"built_lib_js_of_ocaml_bootstrapper" "/home/nuki/Programmation/OCaml/js_of_ocaml_bootstrapper/_build/src/bootHtml.annot"
"built_lib_js_of_ocaml_bootstrapper" "/home/nuki/Programmation/OCaml/js_of_ocaml_bootstrapper/_build/src/bootInterval.cmi"
"built_lib_js_of_ocaml_bootstrapper" "/home/nuki/Programmation/OCaml/js_of_ocaml_bootstrapper/_build/src/bootInterval.cmti"
"built_lib_js_of_ocaml_bootstrapper" "/home/nuki/Programmation/OCaml/js_of_ocaml_bootstrapper/_build/src/bootInterval.cmt"
"built_lib_js_of_ocaml_bootstrapper" "/home/nuki/Programmation/OCaml/js_of_ocaml_bootstrapper/_build/src/bootInterval.annot"
"built_lib_js_of_ocaml_bootstrapper" "/home/nuki/Programmation/OCaml/js_of_ocaml_bootstrapper/_build/src/bootEvent.cmi"
"built_lib_js_of_ocaml_bootstrapper" "/home/nuki/Programmation/OCaml/js_of_ocaml_bootstrapper/_build/src/bootEvent.cmti"
"built_lib_js_of_ocaml_bootstrapper" "/home/nuki/Programmation/OCaml/js_of_ocaml_bootstrapper/_build/src/bootEvent.cmt"
"built_lib_js_of_ocaml_bootstrapper" "/home/nuki/Programmation/OCaml/js_of_ocaml_bootstrapper/_build/src/bootEvent.annot"
"built_lib_js_of_ocaml_bootstrapper" "/home/nuki/Programmation/OCaml/js_of_ocaml_bootstrapper/_build/src/bootPromise.cmi"
"built_lib_js_of_ocaml_bootstrapper" "/home/nuki/Programmation/OCaml/js_of_ocaml_bootstrapper/_build/src/bootPromise.cmti"
"built_lib_js_of_ocaml_bootstrapper" "/home/nuki/Programmation/OCaml/js_of_ocaml_bootstrapper/_build/src/bootPromise.cmt"
"built_lib_js_of_ocaml_bootstrapper" "/home/nuki/Programmation/OCaml/js_of_ocaml_bootstrapper/_build/src/bootPromise.annot"
"built_lib_js_of_ocaml_bootstrapper" "/home/nuki/Programmation/OCaml/js_of_ocaml_bootstrapper/_build/src/bootOption.cmi"
"built_lib_js_of_ocaml_bootstrapper" "/home/nuki/Programmation/OCaml/js_of_ocaml_bootstrapper/_build/src/bootOption.cmti"
"built_lib_js_of_ocaml_bootstrapper" "/home/nuki/Programmation/OCaml/js_of_ocaml_bootstrapper/_build/src/bootOption.cmt"
"built_lib_js_of_ocaml_bootstrapper" "/home/nuki/Programmation/OCaml/js_of_ocaml_bootstrapper/_build/src/bootOption.annot"
"built_lib_js_of_ocaml_bootstrapper" "/home/nuki/Programmation/OCaml/js_of_ocaml_bootstrapper/_build/src/bootMonad.cmi"
"built_lib_js_of_ocaml_bootstrapper" "/home/nuki/Programmation/OCaml/js_of_ocaml_bootstrapper/_build/src/bootMonad.cmti"
"built_lib_js_of_ocaml_bootstrapper" "/home/nuki/Programmation/OCaml/js_of_ocaml_bootstrapper/_build/src/bootMonad.cmt"
"built_lib_js_of_ocaml_bootstrapper" "/home/nuki/Programmation/OCaml/js_of_ocaml_bootstrapper/_build/src/bootMonad.annot"
"built_lib_js_of_ocaml_bootstrapper" "/home/nuki/Programmation/OCaml/js_of_ocaml_bootstrapper/_build/src/bootInterfaces.cmi"
"built_lib_js_of_ocaml_bootstrapper" "/home/nuki/Programmation/OCaml/js_of_ocaml_bootstrapper/_build/src/bootInterfaces.cmt"
"built_lib_js_of_ocaml_bootstrapper" "/home/nuki/Programmation/OCaml/js_of_ocaml_bootstrapper/_build/src/bootInterfaces.annot"
"built_lib_js_of_ocaml_bootstrapper" "/home/nuki/Programmation/OCaml/js_of_ocaml_bootstrapper/_build/src/bootPervasives.cmi"
"built_lib_js_of_ocaml_bootstrapper" "/home/nuki/Programmation/OCaml/js_of_ocaml_bootstrapper/_build/src/bootPervasives.cmti"
"built_lib_js_of_ocaml_bootstrapper" "/home/nuki/Programmation/OCaml/js_of_ocaml_bootstrapper/_build/src/bootPervasives.cmt"
"built_lib_js_of_ocaml_bootstrapper" "/home/nuki/Programmation/OCaml/js_of_ocaml_bootstrapper/_build/src/bootPervasives.annot"
"built_lib_js_of_ocaml_bootstrapper" "/home/nuki/Programmation/OCaml/js_of_ocaml_bootstrapper/_build/src/bootstrapper.cmi"
"built_lib_js_of_ocaml_bootstrapper" "/home/nuki/Programmation/OCaml/js_of_ocaml_bootstrapper/_build/src/bootstrapper.cmt"
"built_lib_js_of_ocaml_bootstrapper" "/home/nuki/Programmation/OCaml/js_of_ocaml_bootstrapper/_build/src/bootstrapper.annot"
"built_lib_js_of_ocaml_bootstrapper" "/home/nuki/Programmation/OCaml/js_of_ocaml_bootstrapper/_build/src/bootFunctor.cmx"
"built_lib_js_of_ocaml_bootstrapper" "/home/nuki/Programmation/OCaml/js_of_ocaml_bootstrapper/_build/src/bootStorage.cmx"
"built_lib_js_of_ocaml_bootstrapper" "/home/nuki/Programmation/OCaml/js_of_ocaml_bootstrapper/_build/src/bootCanvas.cmx"
"built_lib_js_of_ocaml_bootstrapper" "/home/nuki/Programmation/OCaml/js_of_ocaml_bootstrapper/_build/src/bootColor.cmx"
"built_lib_js_of_ocaml_bootstrapper" "/home/nuki/Programmation/OCaml/js_of_ocaml_bootstrapper/_build/src/bootAjax.cmx"
"built_lib_js_of_ocaml_bootstrapper" "/home/nuki/Programmation/OCaml/js_of_ocaml_bootstrapper/_build/src/bootHtml.cmx"
"built_lib_js_of_ocaml_bootstrapper" "/home/nuki/Programmation/OCaml/js_of_ocaml_bootstrapper/_build/src/bootInterval.cmx"
"built_lib_js_of_ocaml_bootstrapper" "/home/nuki/Programmation/OCaml/js_of_ocaml_bootstrapper/_build/src/bootEvent.cmx"
"built_lib_js_of_ocaml_bootstrapper" "/home/nuki/Programmation/OCaml/js_of_ocaml_bootstrapper/_build/src/bootPromise.cmx"
"built_lib_js_of_ocaml_bootstrapper" "/home/nuki/Programmation/OCaml/js_of_ocaml_bootstrapper/_build/src/bootOption.cmx"
"built_lib_js_of_ocaml_bootstrapper" "/home/nuki/Programmation/OCaml/js_of_ocaml_bootstrapper/_build/src/bootMonad.cmx"
"built_lib_js_of_ocaml_bootstrapper" "/home/nuki/Programmation/OCaml/js_of_ocaml_bootstrapper/_build/src/bootInterfaces.cmx"
"built_lib_js_of_ocaml_bootstrapper" "/home/nuki/Programmation/OCaml/js_of_ocaml_bootstrapper/_build/src/bootPervasives.cmx"
"built_lib_js_of_ocaml_bootstrapper" "/home/nuki/Programmation/OCaml/js_of_ocaml_bootstrapper/_build/src/bootstrapper.cmx"
"install-findlib" "js_of_ocaml_bootstrapper"
